<?xml version="1.0" encoding="UTF-8" standalone="yes"?><!DOCTYPE report PUBLIC "-//JACOCO//DTD Report 1.1//EN" "report.dtd"><report name="roman-number"><sessioninfo id="Esperti-e64c7d8c" start="1715678202980" dump="1715678204164"/><sessioninfo id="Esperti-465e636b" start="1715686722085" dump="1715686723966"/><sessioninfo id="Esperti-66be22e2" start="1715686999213" dump="1715687000733"/><sessioninfo id="Esperti-317dfd44" start="1715687177877" dump="1715687179856"/><sessioninfo id="Esperti-e6b01da3" start="1715687272559" dump="1715687274057"/><sessioninfo id="Esperti-97a21412" start="1715687859024" dump="1715687860501"/><sessioninfo id="Esperti-4b5f23b1" start="1715687974336" dump="1715687975819"/><sessioninfo id="Esperti-9767a08c" start="1715688009724" dump="1715688011597"/><sessioninfo id="Esperti-3e36a874" start="1715688131709" dump="1715688133885"/><sessioninfo id="Esperti-cf387945" start="1715688369497" dump="1715688371329"/><sessioninfo id="Esperti-88e26aef" start="1715688489942" dump="1715688491247"/><package name="it/unipd/mtss"><class name="it/unipd/mtss/App" sourcefilename="App.java"><method name="&lt;init&gt;" desc="()V" line="12"><counter type="INSTRUCTION" missed="3" covered="0"/><counter type="LINE" missed="1" covered="0"/><counter type="COMPLEXITY" missed="1" covered="0"/><counter type="METHOD" missed="1" covered="0"/></method><method name="main" desc="([Ljava/lang/String;)V" line="16"><counter type="INSTRUCTION" missed="4" covered="0"/><counter type="LINE" missed="2" covered="0"/><counter type="COMPLEXITY" missed="1" covered="0"/><counter type="METHOD" missed="1" covered="0"/></method><counter type="INSTRUCTION" missed="7" covered="0"/><counter type="LINE" missed="3" covered="0"/><counter type="COMPLEXITY" missed="2" covered="0"/><counter type="METHOD" missed="2" covered="0"/><counter type="CLASS" missed="1" covered="0"/></class><sourcefile name="App.java"><line nr="12" mi="3" ci="0" mb="0" cb="0"/><line nr="16" mi="3" ci="0" mb="0" cb="0"/><line nr="17" mi="1" ci="0" mb="0" cb="0"/><counter type="INSTRUCTION" missed="7" covered="0"/><counter type="LINE" missed="3" covered="0"/><counter type="COMPLEXITY" missed="2" covered="0"/><counter type="METHOD" missed="2" covered="0"/><counter type="CLASS" missed="1" covered="0"/></sourcefile><counter type="INSTRUCTION" missed="7" covered="0"/><counter type="LINE" missed="3" covered="0"/><counter type="COMPLEXITY" missed="2" covered="0"/><counter type="METHOD" missed="2" covered="0"/><counter type="CLASS" missed="1" covered="0"/></package><counter type="INSTRUCTION" missed="7" covered="0"/><counter type="LINE" missed="3" covered="0"/><counter type="COMPLEXITY" missed="2" covered="0"/><counter type="METHOD" missed="2" covered="0"/><counter type="CLASS" missed="1" covered="0"/></report>